<?xml version="1.0" encoding="UTF-8"?>
<robot generator="Robot 4.1 (Python 3.7.5 on win32)" generated="20210904 11:20:09.678" rpa="true" schemaversion="2">
<suite id="s1" name="Tasks" source="c:\Users\bunto\OneDrive\Documents\GitHub\example-web-store-work-items\tasks.robot">
<test id="s1-t1" name="Split orders file">
<kw name="Get Work Item File" library="RPA.Robocorp.WorkItems">
<arg>${ORDER_FILE_NAME}</arg>
<doc>Get attached file from work item to disk.
Returns the absolute path to the created file.</doc>
<msg timestamp="20210904 11:20:12.603" level="INFO">Downloaded file to: C:\Users\bunto\OneDrive\Documents\GitHub\example-web-store-work-items\orders.xlsx</msg>
<status status="PASS" starttime="20210904 11:20:12.597" endtime="20210904 11:20:12.604"/>
</kw>
<kw name="Open Workbook" library="RPA.Excel.Files">
<arg>${ORDER_FILE_NAME}</arg>
<doc>Open an existing Excel workbook.</doc>
<msg timestamp="20210904 11:20:14.302" level="INFO">Opened workbook: &lt;RPA.Excel.Files.XlsxWorkbook object at 0x000002597F865FC8&gt;</msg>
<status status="PASS" starttime="20210904 11:20:12.605" endtime="20210904 11:20:14.303"/>
</kw>
<kw name="Read Worksheet As Table" library="RPA.Excel.Files">
<var>${table}</var>
<arg>header=True</arg>
<doc>Read the content of a worksheet into a Table container. Allows
sorting/filtering/manipulating using the ``RPA.Tables`` library.</doc>
<msg timestamp="20210904 11:20:15.314" level="INFO">Created table: Table(columns=['Name', 'Item', 'Zip'], rows=9)</msg>
<msg timestamp="20210904 11:20:15.315" level="INFO">${table} = Table(columns=['Name', 'Item', 'Zip'], rows=9)</msg>
<status status="PASS" starttime="20210904 11:20:14.304" endtime="20210904 11:20:15.316"/>
</kw>
<kw name="Group Table By Column" library="RPA.Tables">
<var>${groups}</var>
<arg>${table}</arg>
<arg>Name</arg>
<doc>Group a table by ``column`` and return a list of grouped Tables.</doc>
<msg timestamp="20210904 11:20:15.320" level="INFO">Found 4 groups</msg>
<msg timestamp="20210904 11:20:15.320" level="INFO">${groups} = [Table(columns=['Name', 'Item', 'Zip'], rows=1), Table(columns=['Name', 'Item', 'Zip'], rows=2), Table(columns=['Name', 'Item', 'Zip'], rows=3), Table(columns=['Name', 'Item', 'Zip'], rows=3)]</msg>
<status status="PASS" starttime="20210904 11:20:15.317" endtime="20210904 11:20:15.320"/>
</kw>
<for flavor="IN">
<var>${products}</var>
<value>@{groups}</value>
<iter>
<var name="${products}">Table(columns=['Name', 'Item', 'Zip'], rows=1)</var>
<kw name="Create Output Work Item" library="RPA.Robocorp.WorkItems">
<doc>Create a new output work item.</doc>
<status status="PASS" starttime="20210904 11:20:15.323" endtime="20210904 11:20:15.326"/>
</kw>
<kw name="Export Table" library="RPA.Tables">
<var>${rows}</var>
<arg>${products}</arg>
<doc>Convert a table object into standard Python containers.</doc>
<msg timestamp="20210904 11:20:15.329" level="INFO">${rows} = [OrderedDict([('Name', 'Camden Martin'), ('Item', 'Sauce Labs Bolt T-Shirt'), ('Zip', 1196)])]</msg>
<status status="PASS" starttime="20210904 11:20:15.326" endtime="20210904 11:20:15.329"/>
</kw>
<kw name="Set Work Item Variable" library="RPA.Robocorp.WorkItems">
<arg>customer_products</arg>
<arg>${rows}</arg>
<doc>Set a single variable value in the current work item.</doc>
<msg timestamp="20210904 11:20:15.332" level="INFO">customer_products = [OrderedDict([('Name', 'Camden Martin'), ('Item', 'Sauce Labs Bolt T-Shirt'), ('Zip', 1196)])]</msg>
<status status="PASS" starttime="20210904 11:20:15.330" endtime="20210904 11:20:15.332"/>
</kw>
<kw name="Save Work Item" library="RPA.Robocorp.WorkItems">
<doc>Save the current data and files in the work item. If not saved,
all changes are discarded when the library goes out of scope.</doc>
<msg timestamp="20210904 11:20:15.344" level="INFO">Saved into file: C:\Users\bunto\OneDrive\Documents\GitHub\example-web-store-work-items\devdata\orders.output.json</msg>
<status status="PASS" starttime="20210904 11:20:15.333" endtime="20210904 11:20:15.345"/>
</kw>
<status status="PASS" starttime="20210904 11:20:15.322" endtime="20210904 11:20:15.346"/>
</iter>
<iter>
<var name="${products}">Table(columns=['Name', 'Item', 'Zip'], rows=2)</var>
<kw name="Create Output Work Item" library="RPA.Robocorp.WorkItems">
<doc>Create a new output work item.</doc>
<status status="PASS" starttime="20210904 11:20:15.348" endtime="20210904 11:20:15.349"/>
</kw>
<kw name="Export Table" library="RPA.Tables">
<var>${rows}</var>
<arg>${products}</arg>
<doc>Convert a table object into standard Python containers.</doc>
<msg timestamp="20210904 11:20:15.351" level="INFO">${rows} = [OrderedDict([('Name', 'Gregg Arroyo'), ('Item', 'Sauce Labs Onesie'), ('Zip', 4418)]), OrderedDict([('Name', 'Gregg Arroyo'), ('Item', 'Sauce Labs Bolt T-Shirt'), ('Zip', 4418)])]</msg>
<status status="PASS" starttime="20210904 11:20:15.350" endtime="20210904 11:20:15.352"/>
</kw>
<kw name="Set Work Item Variable" library="RPA.Robocorp.WorkItems">
<arg>customer_products</arg>
<arg>${rows}</arg>
<doc>Set a single variable value in the current work item.</doc>
<msg timestamp="20210904 11:20:15.354" level="INFO">customer_products = [OrderedDict([('Name', 'Gregg Arroyo'), ('Item', 'Sauce Labs Onesie'), ('Zip', 4418)]), OrderedDict([('Name', 'Gregg Arroyo'), ('Item', 'Sauce Labs Bolt T-Shirt'), ('Zip', 4418)])]</msg>
<status status="PASS" starttime="20210904 11:20:15.352" endtime="20210904 11:20:15.354"/>
</kw>
<kw name="Save Work Item" library="RPA.Robocorp.WorkItems">
<doc>Save the current data and files in the work item. If not saved,
all changes are discarded when the library goes out of scope.</doc>
<msg timestamp="20210904 11:20:15.361" level="INFO">Saved into file: C:\Users\bunto\OneDrive\Documents\GitHub\example-web-store-work-items\devdata\orders.output.json</msg>
<status status="PASS" starttime="20210904 11:20:15.355" endtime="20210904 11:20:15.363"/>
</kw>
<status status="PASS" starttime="20210904 11:20:15.347" endtime="20210904 11:20:15.363"/>
</iter>
<iter>
<var name="${products}">Table(columns=['Name', 'Item', 'Zip'], rows=3)</var>
<kw name="Create Output Work Item" library="RPA.Robocorp.WorkItems">
<doc>Create a new output work item.</doc>
<status status="PASS" starttime="20210904 11:20:15.365" endtime="20210904 11:20:15.366"/>
</kw>
<kw name="Export Table" library="RPA.Tables">
<var>${rows}</var>
<arg>${products}</arg>
<doc>Convert a table object into standard Python containers.</doc>
<msg timestamp="20210904 11:20:15.369" level="INFO">${rows} = [OrderedDict([('Name', 'Sol Heaton'), ('Item', 'Sauce Labs Bolt T-Shirt'), ('Zip', 3695)]), OrderedDict([('Name', 'Sol Heaton'), ('Item', 'Sauce Labs Fleece Jacket'), ('Zip', 3695)]), OrderedDict([('N...</msg>
<status status="PASS" starttime="20210904 11:20:15.367" endtime="20210904 11:20:15.370"/>
</kw>
<kw name="Set Work Item Variable" library="RPA.Robocorp.WorkItems">
<arg>customer_products</arg>
<arg>${rows}</arg>
<doc>Set a single variable value in the current work item.</doc>
<msg timestamp="20210904 11:20:15.372" level="INFO">customer_products = [OrderedDict([('Name', 'Sol Heaton'), ('Item', 'Sauce Labs Bolt T-Shirt'), ('Zip', 3695)]), OrderedDict([('Name', 'Sol Heaton'), ('Item', 'Sauce Labs Fleece Jacket'), ('Zip', 3695)]), OrderedDict([('Name', 'Sol Heaton'), ('Item', 'Sauce Labs Onesee'), ('Zip', 3695)])]</msg>
<status status="PASS" starttime="20210904 11:20:15.370" endtime="20210904 11:20:15.372"/>
</kw>
<kw name="Save Work Item" library="RPA.Robocorp.WorkItems">
<doc>Save the current data and files in the work item. If not saved,
all changes are discarded when the library goes out of scope.</doc>
<msg timestamp="20210904 11:20:15.382" level="INFO">Saved into file: C:\Users\bunto\OneDrive\Documents\GitHub\example-web-store-work-items\devdata\orders.output.json</msg>
<status status="PASS" starttime="20210904 11:20:15.373" endtime="20210904 11:20:15.383"/>
</kw>
<status status="PASS" starttime="20210904 11:20:15.364" endtime="20210904 11:20:15.384"/>
</iter>
<iter>
<var name="${products}">Table(columns=['Name', 'Item', 'Zip'], rows=3)</var>
<kw name="Create Output Work Item" library="RPA.Robocorp.WorkItems">
<doc>Create a new output work item.</doc>
<status status="PASS" starttime="20210904 11:20:15.386" endtime="20210904 11:20:15.387"/>
</kw>
<kw name="Export Table" library="RPA.Tables">
<var>${rows}</var>
<arg>${products}</arg>
<doc>Convert a table object into standard Python containers.</doc>
<msg timestamp="20210904 11:20:15.390" level="INFO">${rows} = [OrderedDict([('Name', 'Zoya Roche'), ('Item', 'Sauce Labs Bolt T-Shirt'), ('Zip', 3013)]), OrderedDict([('Name', 'Zoya Roche'), ('Item', 'Sauce Labs Fleece Jacket'), ('Zip', 3013)]), OrderedDict([('N...</msg>
<status status="PASS" starttime="20210904 11:20:15.388" endtime="20210904 11:20:15.390"/>
</kw>
<kw name="Set Work Item Variable" library="RPA.Robocorp.WorkItems">
<arg>customer_products</arg>
<arg>${rows}</arg>
<doc>Set a single variable value in the current work item.</doc>
<msg timestamp="20210904 11:20:15.392" level="INFO">customer_products = [OrderedDict([('Name', 'Zoya Roche'), ('Item', 'Sauce Labs Bolt T-Shirt'), ('Zip', 3013)]), OrderedDict([('Name', 'Zoya Roche'), ('Item', 'Sauce Labs Fleece Jacket'), ('Zip', 3013)]), OrderedDict([('Name', 'Zoya Roche'), ('Item', 'Sauce Labs Onesie'), ('Zip', 3013)])]</msg>
<status status="PASS" starttime="20210904 11:20:15.391" endtime="20210904 11:20:15.393"/>
</kw>
<kw name="Save Work Item" library="RPA.Robocorp.WorkItems">
<doc>Save the current data and files in the work item. If not saved,
all changes are discarded when the library goes out of scope.</doc>
<msg timestamp="20210904 11:20:15.406" level="INFO">Saved into file: C:\Users\bunto\OneDrive\Documents\GitHub\example-web-store-work-items\devdata\orders.output.json</msg>
<status status="PASS" starttime="20210904 11:20:15.394" endtime="20210904 11:20:15.407"/>
</kw>
<status status="PASS" starttime="20210904 11:20:15.385" endtime="20210904 11:20:15.408"/>
</iter>
<status status="PASS" starttime="20210904 11:20:15.321" endtime="20210904 11:20:15.408"/>
</for>
<doc>Read orders file from input item and split into outputs</doc>
<status status="PASS" starttime="20210904 11:20:12.592" endtime="20210904 11:20:15.409"/>
</test>
<test id="s1-t2" name="Read order info">
<kw name="List Work Item Variables" library="RPA.Robocorp.WorkItems">
<var>${info}</var>
<doc>List the variable names for the current work item.</doc>
<msg timestamp="20210904 11:20:15.417" level="INFO">${info} = ['customer_products']</msg>
<status status="PASS" starttime="20210904 11:20:15.415" endtime="20210904 11:20:15.417"/>
</kw>
<kw name="Log" library="BuiltIn">
<arg>Available variables: ${info}</arg>
<doc>Logs the given message with the given level.</doc>
<msg timestamp="20210904 11:20:15.419" level="INFO">Available variables: ['customer_products']</msg>
<status status="PASS" starttime="20210904 11:20:15.418" endtime="20210904 11:20:15.420"/>
</kw>
<status status="PASS" starttime="20210904 11:20:15.412" endtime="20210904 11:20:15.421"/>
</test>
<test id="s1-t3" name="Process order">
<kw name="Get Work Item Variable" library="RPA.Robocorp.WorkItems">
<var>${rows}</var>
<arg>customer_products</arg>
<doc>Return a single variable value from the work item,
or default value if defined and key does not exist.</doc>
<msg timestamp="20210904 11:20:15.428" level="INFO">${rows} = [OrderedDict([('Name', 'Zoya Roche'), ('Item', 'Sauce Labs Bolt T-Shirt'), ('Zip', 3013)]), OrderedDict([('Name', 'Zoya Roche'), ('Item', 'Sauce Labs Fleece Jacket'), ('Zip', 3013)]), OrderedDict([('N...</msg>
<status status="PASS" starttime="20210904 11:20:15.426" endtime="20210904 11:20:15.428"/>
</kw>
<kw name="Create Table" library="RPA.Tables">
<var>${products}</var>
<arg>${rows}</arg>
<doc>Create Table object from data.</doc>
<msg timestamp="20210904 11:20:15.431" level="INFO">Created table: Table(columns=['Name', 'Item', 'Zip'], rows=3)</msg>
<msg timestamp="20210904 11:20:15.431" level="INFO">${products} = Table(columns=['Name', 'Item', 'Zip'], rows=3)</msg>
<status status="PASS" starttime="20210904 11:20:15.429" endtime="20210904 11:20:15.432"/>
</kw>
<kw name="Open Swag Labs" library="SwagLabs">
<kw name="Open Available Browser" library="RPA.Browser.Selenium">
<arg>${SWAG_LABS_URL}</arg>
<doc>Attempts to open a browser on the user's device from a set of
supported browsers. Automatically downloads a corresponding webdriver
if none is already installed.</doc>
<msg timestamp="20210904 11:20:15.437" level="INFO">Creating an instance of the Chrome WebDriver.</msg>
<msg timestamp="20210904 11:20:15.467" level="INFO">Created download root directory: C:\Users\bunto\AppData\Local\robocorp\webdrivers</msg>
<msg timestamp="20210904 11:20:15.468" level="INFO">Created symlink directory: C:\Users\bunto\AppData\Local\robocorp\webdrivers</msg>
<msg timestamp="20210904 11:20:15.469" level="INFO">Creating an instance of the Chrome WebDriver.</msg>
<msg timestamp="20210904 11:20:17.746" level="INFO">Created Chrome browser with arguments: --disable-dev-shm-usage --disable-web-security --allow-running-insecure-content --no-sandbox</msg>
<msg timestamp="20210904 11:20:17.748" level="INFO" html="true">&lt;p&gt;Attempted combinations:&lt;/p&gt;&lt;div class="doc"&gt;&lt;table&gt;&lt;tr&gt;&lt;th&gt;Browser&lt;/th&gt;&lt;th&gt;Download&lt;/th&gt;&lt;th&gt;Error&lt;/th&gt;&lt;/tr&gt;&lt;tr&gt;&lt;td&gt;Chrome&lt;/td&gt;&lt;td&gt;False&lt;/td&gt;&lt;td&gt;Message: 'chromedriver' executable needs to be in PATH. Please see https://sites.google.com/a/chromium.org/chromedriver/home
&lt;/td&gt;&lt;/tr&gt;&lt;tr&gt;&lt;td&gt;Chrome&lt;/td&gt;&lt;td&gt;True&lt;/td&gt;&lt;td&gt;&lt;/td&gt;&lt;/tr&gt;&lt;/table&gt;&lt;/div&gt;</msg>
<msg timestamp="20210904 11:20:17.749" level="INFO">Opening url 'https://www.saucedemo.com'</msg>
<status status="PASS" starttime="20210904 11:20:15.434" endtime="20210904 11:20:18.875"/>
</kw>
<status status="PASS" starttime="20210904 11:20:15.432" endtime="20210904 11:20:18.878"/>
</kw>
<kw name="Wait Until Keyword Succeeds" library="BuiltIn">
<arg>3x</arg>
<arg>1s</arg>
<arg>Login</arg>
<doc>Runs the specified keyword and retries if it fails.</doc>
<kw name="Login" library="SwagLabs">
<kw name="Input Text" library="RPA.Browser.Selenium">
<arg>user-name</arg>
<arg>${SWAG_LABS_USER}</arg>
<doc>Types the given ``text`` into the text field identified by ``locator``.</doc>
<msg timestamp="20210904 11:20:18.889" level="INFO">Typing text 'standard_user' into text field 'user-name'.</msg>
<status status="PASS" starttime="20210904 11:20:18.886" endtime="20210904 11:20:18.995"/>
</kw>
<kw name="Input Password" library="RPA.Browser.Selenium">
<arg>password</arg>
<arg>${SWAG_LABS_PASSWORD}</arg>
<doc>Types the given password into the text field identified by ``locator``.</doc>
<msg timestamp="20210904 11:20:19.001" level="INFO">Typing password into text field 'password'.</msg>
<msg timestamp="20210904 11:20:19.042" level="INFO">Temporally setting log level to: NONE</msg>
<msg timestamp="20210904 11:20:19.099" level="INFO">Log level changed from NONE to INFO.</msg>
<status status="PASS" starttime="20210904 11:20:18.997" endtime="20210904 11:20:19.100"/>
</kw>
<kw name="Submit Form" library="RPA.Browser.Selenium">
<doc>Submits a form identified by ``locator``.</doc>
<msg timestamp="20210904 11:20:19.104" level="INFO">Submitting form 'None'.</msg>
<status status="PASS" starttime="20210904 11:20:19.103" endtime="20210904 11:20:19.216"/>
</kw>
<kw name="Assert logged in" library="SwagLabs">
<kw name="Wait Until Page Contains Element" library="RPA.Browser.Selenium">
<arg>inventory_container</arg>
<doc>Waits until the element ``locator`` appears on the current page.</doc>
<status status="PASS" starttime="20210904 11:20:19.222" endtime="20210904 11:20:19.242"/>
</kw>
<kw name="Location Should Be" library="RPA.Browser.Selenium">
<arg>${SWAG_LABS_URL}/inventory.html</arg>
<doc>Verifies that the current URL is exactly ``url``.</doc>
<msg timestamp="20210904 11:20:19.255" level="INFO">Current location is 'https://www.saucedemo.com/inventory.html'.</msg>
<status status="PASS" starttime="20210904 11:20:19.244" endtime="20210904 11:20:19.256"/>
</kw>
<status status="PASS" starttime="20210904 11:20:19.217" endtime="20210904 11:20:19.259"/>
</kw>
<status status="PASS" starttime="20210904 11:20:18.881" endtime="20210904 11:20:19.261"/>
</kw>
<status status="PASS" starttime="20210904 11:20:18.879" endtime="20210904 11:20:19.262"/>
</kw>
<kw name="Process order" library="SwagLabs">
<arg>${products}</arg>
<kw name="Reset application state" library="SwagLabs">
<kw name="Click Button" library="RPA.Browser.Selenium">
<arg>css:.bm-burger-button button</arg>
<doc>Clicks the button identified by ``locator``.</doc>
<msg timestamp="20210904 11:20:19.280" level="INFO">Clicking button 'css:.bm-burger-button button'.</msg>
<status status="PASS" starttime="20210904 11:20:19.277" endtime="20210904 11:20:19.359"/>
</kw>
<kw name="Click Element When Visible" library="RPA.Browser.Selenium">
<arg>id:reset_sidebar_link</arg>
<doc>Click element identified by ``locator``, once it becomes visible.</doc>
<msg timestamp="20210904 11:20:19.628" level="INFO">Clicking element 'id:reset_sidebar_link'.</msg>
<status status="PASS" starttime="20210904 11:20:19.362" endtime="20210904 11:20:19.696"/>
</kw>
<status status="PASS" starttime="20210904 11:20:19.271" endtime="20210904 11:20:19.698"/>
</kw>
<kw name="Open products page" library="SwagLabs">
<kw name="Go To" library="RPA.Browser.Selenium">
<arg>${SWAG_LABS_URL}/inventory.html</arg>
<doc>Navigates the current browser window to the provided ``url``.</doc>
<msg timestamp="20210904 11:20:19.710" level="INFO">Opening url 'https://www.saucedemo.com/inventory.html'</msg>
<status status="PASS" starttime="20210904 11:20:19.707" endtime="20210904 11:20:21.525"/>
</kw>
<status status="PASS" starttime="20210904 11:20:19.701" endtime="20210904 11:20:21.527"/>
</kw>
<kw name="Assert cart is empty" library="SwagLabs">
<kw name="Element Text Should Be" library="RPA.Browser.Selenium">
<arg>css:.shopping_cart_link</arg>
<arg>${EMPTY}</arg>
<doc>Verifies that element ``locator`` contains exact the text ``expected``.</doc>
<msg timestamp="20210904 11:20:21.541" level="INFO">Verifying element 'css:.shopping_cart_link' contains exact text ''.</msg>
<status status="PASS" starttime="20210904 11:20:21.533" endtime="20210904 11:20:21.570"/>
</kw>
<kw name="Page Should Not Contain Element" library="RPA.Browser.Selenium">
<arg>css:.shopping_cart_badge</arg>
<doc>Verifies that element ``locator`` is not found on the current page.</doc>
<msg timestamp="20210904 11:20:21.590" level="INFO">Current page does not contain element 'css:.shopping_cart_badge'.</msg>
<status status="PASS" starttime="20210904 11:20:21.571" endtime="20210904 11:20:21.591"/>
</kw>
<status status="PASS" starttime="20210904 11:20:21.529" endtime="20210904 11:20:21.593"/>
</kw>
<for flavor="IN">
<var>${product}</var>
<value>@{products}</value>
<iter>
<var name="${product}">{'Name': 'Zoya Roche', 'Item': 'Sauce Labs Bolt T-Shirt', 'Zip': 3013}</var>
<kw name="Wait Until Keyword Succeeds" library="BuiltIn">
<arg>3x</arg>
<arg>1s</arg>
<arg>Add product to cart</arg>
<arg>${product}</arg>
<doc>Runs the specified keyword and retries if it fails.</doc>
<kw name="Add product to cart" library="SwagLabs">
<arg>${product}</arg>
<kw name="Set Variable" library="BuiltIn">
<var>${product_name}</var>
<arg>${order["Item"]}</arg>
<doc>Returns the given values which can then be assigned to a variables.</doc>
<msg timestamp="20210904 11:20:21.616" level="INFO">${product_name} = Sauce Labs Bolt T-Shirt</msg>
<status status="PASS" starttime="20210904 11:20:21.609" endtime="20210904 11:20:21.616"/>
</kw>
<kw name="Set Variable" library="BuiltIn">
<var>${locator}</var>
<arg>xpath://div[@class="inventory_item" and descendant::div[contains(text(), "${product_name}")]]</arg>
<doc>Returns the given values which can then be assigned to a variables.</doc>
<msg timestamp="20210904 11:20:21.622" level="INFO">${locator} = xpath://div[@class="inventory_item" and descendant::div[contains(text(), "Sauce Labs Bolt T-Shirt")]]</msg>
<status status="PASS" starttime="20210904 11:20:21.618" endtime="20210904 11:20:21.622"/>
</kw>
<kw name="Get WebElement" library="RPA.Browser.Selenium">
<var>${product}</var>
<arg>${locator}</arg>
<doc>Returns the first WebElement matching the given ``locator``.</doc>
<msg timestamp="20210904 11:20:21.639" level="INFO">${product} = &lt;selenium.webdriver.remote.webelement.WebElement (session="b278cff431222ca8e895ed949fed98da", element="6205b813-b5e0-449c-a559-f44213f16c92")&gt;</msg>
<status status="PASS" starttime="20210904 11:20:21.623" endtime="20210904 11:20:21.639"/>
</kw>
<kw name="Set Variable" library="BuiltIn">
<var>${add_to_cart_button}</var>
<arg>${product.find_element_by_class_name("btn_primary")}</arg>
<doc>Returns the given values which can then be assigned to a variables.</doc>
<msg timestamp="20210904 11:20:21.659" level="INFO">${add_to_cart_button} = &lt;selenium.webdriver.remote.webelement.WebElement (session="b278cff431222ca8e895ed949fed98da", element="2b871a57-6434-4117-a279-3b47da0d2d04")&gt;</msg>
<status status="PASS" starttime="20210904 11:20:21.641" endtime="20210904 11:20:21.659"/>
</kw>
<kw name="Click Button" library="RPA.Browser.Selenium">
<arg>${add_to_cart_button}</arg>
<doc>Clicks the button identified by ``locator``.</doc>
<msg timestamp="20210904 11:20:21.664" level="INFO">Clicking button '&lt;selenium.webdriver.remote.webelement.WebElement (session="b278cff431222ca8e895ed949fed98da", element="2b871a57-6434-4117-a279-3b47da0d2d04")&gt;'.</msg>
<status status="PASS" starttime="20210904 11:20:21.661" endtime="20210904 11:20:21.709"/>
</kw>
<status status="PASS" starttime="20210904 11:20:21.605" endtime="20210904 11:20:21.711"/>
</kw>
<status status="PASS" starttime="20210904 11:20:21.600" endtime="20210904 11:20:21.712"/>
</kw>
<status status="PASS" starttime="20210904 11:20:21.597" endtime="20210904 11:20:21.713"/>
</iter>
<iter>
<var name="${product}">{'Name': 'Zoya Roche', 'Item': 'Sauce Labs Fleece Jacket', 'Zip': 3013}</var>
<kw name="Wait Until Keyword Succeeds" library="BuiltIn">
<arg>3x</arg>
<arg>1s</arg>
<arg>Add product to cart</arg>
<arg>${product}</arg>
<doc>Runs the specified keyword and retries if it fails.</doc>
<kw name="Add product to cart" library="SwagLabs">
<arg>${product}</arg>
<kw name="Set Variable" library="BuiltIn">
<var>${product_name}</var>
<arg>${order["Item"]}</arg>
<doc>Returns the given values which can then be assigned to a variables.</doc>
<msg timestamp="20210904 11:20:21.734" level="INFO">${product_name} = Sauce Labs Fleece Jacket</msg>
<status status="PASS" starttime="20210904 11:20:21.725" endtime="20210904 11:20:21.734"/>
</kw>
<kw name="Set Variable" library="BuiltIn">
<var>${locator}</var>
<arg>xpath://div[@class="inventory_item" and descendant::div[contains(text(), "${product_name}")]]</arg>
<doc>Returns the given values which can then be assigned to a variables.</doc>
<msg timestamp="20210904 11:20:21.740" level="INFO">${locator} = xpath://div[@class="inventory_item" and descendant::div[contains(text(), "Sauce Labs Fleece Jacket")]]</msg>
<status status="PASS" starttime="20210904 11:20:21.737" endtime="20210904 11:20:21.741"/>
</kw>
<kw name="Get WebElement" library="RPA.Browser.Selenium">
<var>${product}</var>
<arg>${locator}</arg>
<doc>Returns the first WebElement matching the given ``locator``.</doc>
<msg timestamp="20210904 11:20:21.764" level="INFO">${product} = &lt;selenium.webdriver.remote.webelement.WebElement (session="b278cff431222ca8e895ed949fed98da", element="aaae8b82-4d0e-496c-b6a4-443e2a1e076b")&gt;</msg>
<status status="PASS" starttime="20210904 11:20:21.743" endtime="20210904 11:20:21.765"/>
</kw>
<kw name="Set Variable" library="BuiltIn">
<var>${add_to_cart_button}</var>
<arg>${product.find_element_by_class_name("btn_primary")}</arg>
<doc>Returns the given values which can then be assigned to a variables.</doc>
<msg timestamp="20210904 11:20:21.789" level="INFO">${add_to_cart_button} = &lt;selenium.webdriver.remote.webelement.WebElement (session="b278cff431222ca8e895ed949fed98da", element="78c46e37-daf9-4c60-af26-046e306f3538")&gt;</msg>
<status status="PASS" starttime="20210904 11:20:21.768" endtime="20210904 11:20:21.789"/>
</kw>
<kw name="Click Button" library="RPA.Browser.Selenium">
<arg>${add_to_cart_button}</arg>
<doc>Clicks the button identified by ``locator``.</doc>
<msg timestamp="20210904 11:20:21.793" level="INFO">Clicking button '&lt;selenium.webdriver.remote.webelement.WebElement (session="b278cff431222ca8e895ed949fed98da", element="78c46e37-daf9-4c60-af26-046e306f3538")&gt;'.</msg>
<status status="PASS" starttime="20210904 11:20:21.791" endtime="20210904 11:20:21.827"/>
</kw>
<status status="PASS" starttime="20210904 11:20:21.720" endtime="20210904 11:20:21.829"/>
</kw>
<status status="PASS" starttime="20210904 11:20:21.717" endtime="20210904 11:20:21.830"/>
</kw>
<status status="PASS" starttime="20210904 11:20:21.715" endtime="20210904 11:20:21.830"/>
</iter>
<iter>
<var name="${product}">{'Name': 'Zoya Roche', 'Item': 'Sauce Labs Onesie', 'Zip': 3013}</var>
<kw name="Wait Until Keyword Succeeds" library="BuiltIn">
<arg>3x</arg>
<arg>1s</arg>
<arg>Add product to cart</arg>
<arg>${product}</arg>
<doc>Runs the specified keyword and retries if it fails.</doc>
<kw name="Add product to cart" library="SwagLabs">
<arg>${product}</arg>
<kw name="Set Variable" library="BuiltIn">
<var>${product_name}</var>
<arg>${order["Item"]}</arg>
<doc>Returns the given values which can then be assigned to a variables.</doc>
<msg timestamp="20210904 11:20:21.853" level="INFO">${product_name} = Sauce Labs Onesie</msg>
<status status="PASS" starttime="20210904 11:20:21.846" endtime="20210904 11:20:21.854"/>
</kw>
<kw name="Set Variable" library="BuiltIn">
<var>${locator}</var>
<arg>xpath://div[@class="inventory_item" and descendant::div[contains(text(), "${product_name}")]]</arg>
<doc>Returns the given values which can then be assigned to a variables.</doc>
<msg timestamp="20210904 11:20:21.858" level="INFO">${locator} = xpath://div[@class="inventory_item" and descendant::div[contains(text(), "Sauce Labs Onesie")]]</msg>
<status status="PASS" starttime="20210904 11:20:21.855" endtime="20210904 11:20:21.858"/>
</kw>
<kw name="Get WebElement" library="RPA.Browser.Selenium">
<var>${product}</var>
<arg>${locator}</arg>
<doc>Returns the first WebElement matching the given ``locator``.</doc>
<msg timestamp="20210904 11:20:21.879" level="INFO">${product} = &lt;selenium.webdriver.remote.webelement.WebElement (session="b278cff431222ca8e895ed949fed98da", element="b4dee530-32ad-4456-b84f-7e4b1603f1a6")&gt;</msg>
<status status="PASS" starttime="20210904 11:20:21.858" endtime="20210904 11:20:21.879"/>
</kw>
<kw name="Set Variable" library="BuiltIn">
<var>${add_to_cart_button}</var>
<arg>${product.find_element_by_class_name("btn_primary")}</arg>
<doc>Returns the given values which can then be assigned to a variables.</doc>
<msg timestamp="20210904 11:20:21.904" level="INFO">${add_to_cart_button} = &lt;selenium.webdriver.remote.webelement.WebElement (session="b278cff431222ca8e895ed949fed98da", element="47cf4efd-89e2-49e5-8c55-49966d789ba7")&gt;</msg>
<status status="PASS" starttime="20210904 11:20:21.882" endtime="20210904 11:20:21.904"/>
</kw>
<kw name="Click Button" library="RPA.Browser.Selenium">
<arg>${add_to_cart_button}</arg>
<doc>Clicks the button identified by ``locator``.</doc>
<msg timestamp="20210904 11:20:21.909" level="INFO">Clicking button '&lt;selenium.webdriver.remote.webelement.WebElement (session="b278cff431222ca8e895ed949fed98da", element="47cf4efd-89e2-49e5-8c55-49966d789ba7")&gt;'.</msg>
<status status="PASS" starttime="20210904 11:20:21.906" endtime="20210904 11:20:21.947"/>
</kw>
<status status="PASS" starttime="20210904 11:20:21.839" endtime="20210904 11:20:21.949"/>
</kw>
<status status="PASS" starttime="20210904 11:20:21.836" endtime="20210904 11:20:21.950"/>
</kw>
<status status="PASS" starttime="20210904 11:20:21.832" endtime="20210904 11:20:21.951"/>
</iter>
<status status="PASS" starttime="20210904 11:20:21.594" endtime="20210904 11:20:21.952"/>
</for>
<kw name="Wait Until Keyword Succeeds" library="BuiltIn">
<arg>3x</arg>
<arg>1s</arg>
<arg>Open cart</arg>
<doc>Runs the specified keyword and retries if it fails.</doc>
<kw name="Open cart" library="SwagLabs">
<kw name="Click Link" library="RPA.Browser.Selenium">
<arg>css:.shopping_cart_link</arg>
<doc>Clicks a link identified by ``locator``.</doc>
<msg timestamp="20210904 11:20:21.960" level="INFO">Clicking link 'css:.shopping_cart_link'.</msg>
<status status="PASS" starttime="20210904 11:20:21.958" endtime="20210904 11:20:22.024"/>
</kw>
<kw name="Assert cart page" library="SwagLabs">
<kw name="Wait Until Page Contains Element" library="RPA.Browser.Selenium">
<arg>cart_contents_container</arg>
<doc>Waits until the element ``locator`` appears on the current page.</doc>
<status status="PASS" starttime="20210904 11:20:22.029" endtime="20210904 11:20:22.045"/>
</kw>
<kw name="Location Should Be" library="RPA.Browser.Selenium">
<arg>${SWAG_LABS_URL}/cart.html</arg>
<doc>Verifies that the current URL is exactly ``url``.</doc>
<msg timestamp="20210904 11:20:22.057" level="INFO">Current location is 'https://www.saucedemo.com/cart.html'.</msg>
<status status="PASS" starttime="20210904 11:20:22.047" endtime="20210904 11:20:22.058"/>
</kw>
<status status="PASS" starttime="20210904 11:20:22.026" endtime="20210904 11:20:22.060"/>
</kw>
<status status="PASS" starttime="20210904 11:20:21.956" endtime="20210904 11:20:22.062"/>
</kw>
<status status="PASS" starttime="20210904 11:20:21.953" endtime="20210904 11:20:22.063"/>
</kw>
<kw name="Capture Page Screenshot" library="RPA.Browser.Selenium">
<arg>${OUTPUTDIR}/cart.png</arg>
<doc>Takes a screenshot of the current page and embeds it into a log file.</doc>
<msg timestamp="20210904 11:20:22.191" level="INFO" html="true">&lt;/td&gt;&lt;/tr&gt;&lt;tr&gt;&lt;td colspan="3"&gt;&lt;a href="cart.png"&gt;&lt;img src="cart.png" width="800px"&gt;&lt;/a&gt;</msg>
<status status="PASS" starttime="20210904 11:20:22.065" endtime="20210904 11:20:22.191"/>
</kw>
<kw name="Checkout" library="SwagLabs">
<arg>${products[0]}</arg>
<kw name="Set Variable" library="BuiltIn">
<var>${name}</var>
<var>${product}</var>
<var>${zip}</var>
<arg>${order}</arg>
<doc>Returns the given values which can then be assigned to a variables.</doc>
<msg timestamp="20210904 11:20:22.200" level="INFO">${name} = Zoya Roche</msg>
<msg timestamp="20210904 11:20:22.200" level="INFO">${product} = Sauce Labs Bolt T-Shirt</msg>
<msg timestamp="20210904 11:20:22.201" level="INFO">${zip} = 3013</msg>
<status status="PASS" starttime="20210904 11:20:22.198" endtime="20210904 11:20:22.201"/>
</kw>
<kw name="Click Button" library="RPA.Browser.Selenium">
<arg>css:#checkout</arg>
<doc>Clicks the button identified by ``locator``.</doc>
<msg timestamp="20210904 11:20:22.205" level="INFO">Clicking button 'css:#checkout'.</msg>
<status status="PASS" starttime="20210904 11:20:22.203" endtime="20210904 11:20:22.276"/>
</kw>
<kw name="Assert checkout information page" library="SwagLabs">
<kw name="Wait Until Page Contains Element" library="RPA.Browser.Selenium">
<arg>checkout_info_container</arg>
<doc>Waits until the element ``locator`` appears on the current page.</doc>
<status status="PASS" starttime="20210904 11:20:22.279" endtime="20210904 11:20:22.295"/>
</kw>
<kw name="Location Should Be" library="RPA.Browser.Selenium">
<arg>${SWAG_LABS_URL}/checkout-step-one.html</arg>
<doc>Verifies that the current URL is exactly ``url``.</doc>
<msg timestamp="20210904 11:20:22.305" level="INFO">Current location is 'https://www.saucedemo.com/checkout-step-one.html'.</msg>
<status status="PASS" starttime="20210904 11:20:22.296" endtime="20210904 11:20:22.305"/>
</kw>
<status status="PASS" starttime="20210904 11:20:22.277" endtime="20210904 11:20:22.307"/>
</kw>
<kw name="Split String" library="String">
<var>${first_name}</var>
<var>${last_name}</var>
<arg>${name}</arg>
<doc>Splits the ``string`` using ``separator`` as a delimiter string.</doc>
<msg timestamp="20210904 11:20:22.309" level="INFO">${first_name} = Zoya</msg>
<msg timestamp="20210904 11:20:22.310" level="INFO">${last_name} = Roche</msg>
<status status="PASS" starttime="20210904 11:20:22.308" endtime="20210904 11:20:22.310"/>
</kw>
<kw name="Input Text" library="RPA.Browser.Selenium">
<arg>first-name</arg>
<arg>${first_name}</arg>
<doc>Types the given ``text`` into the text field identified by ``locator``.</doc>
<msg timestamp="20210904 11:20:22.314" level="INFO">Typing text 'Zoya' into text field 'first-name'.</msg>
<status status="PASS" starttime="20210904 11:20:22.311" endtime="20210904 11:20:22.406"/>
</kw>
<kw name="Input Text" library="RPA.Browser.Selenium">
<arg>last-name</arg>
<arg>${last_name}</arg>
<doc>Types the given ``text`` into the text field identified by ``locator``.</doc>
<msg timestamp="20210904 11:20:22.412" level="INFO">Typing text 'Roche' into text field 'last-name'.</msg>
<status status="PASS" starttime="20210904 11:20:22.408" endtime="20210904 11:20:22.531"/>
</kw>
<kw name="Input Text" library="RPA.Browser.Selenium">
<arg>postal-code</arg>
<arg>${zip}</arg>
<doc>Types the given ``text`` into the text field identified by ``locator``.</doc>
<msg timestamp="20210904 11:20:22.536" level="INFO">Typing text '3013' into text field 'postal-code'.</msg>
<status status="PASS" starttime="20210904 11:20:22.532" endtime="20210904 11:20:22.648"/>
</kw>
<kw name="Submit Form" library="RPA.Browser.Selenium">
<doc>Submits a form identified by ``locator``.</doc>
<msg timestamp="20210904 11:20:22.653" level="INFO">Submitting form 'None'.</msg>
<status status="PASS" starttime="20210904 11:20:22.650" endtime="20210904 11:20:22.706"/>
</kw>
<kw name="Assert checkout confirmation page" library="SwagLabs">
<kw name="Wait Until Page Contains Element" library="RPA.Browser.Selenium">
<arg>checkout_summary_container</arg>
<doc>Waits until the element ``locator`` appears on the current page.</doc>
<status status="PASS" starttime="20210904 11:20:22.712" endtime="20210904 11:20:22.728"/>
</kw>
<kw name="Location Should Be" library="RPA.Browser.Selenium">
<arg>${SWAG_LABS_URL}/checkout-step-two.html</arg>
<doc>Verifies that the current URL is exactly ``url``.</doc>
<msg timestamp="20210904 11:20:22.739" level="INFO">Current location is 'https://www.saucedemo.com/checkout-step-two.html'.</msg>
<status status="PASS" starttime="20210904 11:20:22.729" endtime="20210904 11:20:22.739"/>
</kw>
<status status="PASS" starttime="20210904 11:20:22.708" endtime="20210904 11:20:22.741"/>
</kw>
<kw name="Click Element When Visible" library="RPA.Browser.Selenium">
<arg>css:#finish</arg>
<doc>Click element identified by ``locator``, once it becomes visible.</doc>
<msg timestamp="20210904 11:20:22.779" level="INFO">Clicking element 'css:#finish'.</msg>
<status status="PASS" starttime="20210904 11:20:22.743" endtime="20210904 11:20:22.826"/>
</kw>
<kw name="Assert checkout complete page" library="SwagLabs">
<kw name="Wait Until Page Contains Element" library="RPA.Browser.Selenium">
<arg>checkout_complete_container</arg>
<doc>Waits until the element ``locator`` appears on the current page.</doc>
<status status="PASS" starttime="20210904 11:20:22.829" endtime="20210904 11:20:22.846"/>
</kw>
<kw name="Location Should Be" library="RPA.Browser.Selenium">
<arg>${SWAG_LABS_URL}/checkout-complete.html</arg>
<doc>Verifies that the current URL is exactly ``url``.</doc>
<msg timestamp="20210904 11:20:22.853" level="INFO">Current location is 'https://www.saucedemo.com/checkout-complete.html'.</msg>
<status status="PASS" starttime="20210904 11:20:22.847" endtime="20210904 11:20:22.854"/>
</kw>
<status status="PASS" starttime="20210904 11:20:22.827" endtime="20210904 11:20:22.856"/>
</kw>
<status status="PASS" starttime="20210904 11:20:22.192" endtime="20210904 11:20:22.859"/>
</kw>
<status status="PASS" starttime="20210904 11:20:19.264" endtime="20210904 11:20:22.862"/>
</kw>
<kw name="Close Browser" library="RPA.Browser.Selenium" type="TEARDOWN">
<doc>Closes the current browser.</doc>
<status status="PASS" starttime="20210904 11:20:22.866" endtime="20210904 11:20:25.127"/>
</kw>
<doc>Order all products in input item</doc>
<status status="PASS" starttime="20210904 11:20:15.423" endtime="20210904 11:20:25.128"/>
</test>
<status status="PASS" starttime="20210904 11:20:09.692" endtime="20210904 11:20:25.131"/>
</suite>
<statistics>
<total>
<stat pass="3" fail="0" skip="0">All Tasks</stat>
</total>
<tag>
</tag>
<suite>
<stat pass="3" fail="0" skip="0" id="s1" name="Tasks">Tasks</stat>
</suite>
</statistics>
<errors>
</errors>
</robot>
